0 verbose cli D:\program\nodejs\node.exe D:\program\nodejs\node_modules\npm\bin\npm-cli.js
1 info using npm@10.9.2
2 info using node@v22.17.0
3 silly config load:file:D:\program\nodejs\node_modules\npm\npmrc
4 silly config load:file:D:\program\surrogacy-portal\.npmrc
5 silly config load:file:C:\Users\camga\.npmrc
6 silly config load:file:C:\Users\camga\AppData\Roaming\npm\etc\npmrc
7 verbose title npm install
8 verbose argv "install"
9 verbose logfile logs-max:10 dir:D:\program\surrogacy-portal\npm-cache\_logs\2025-07-09T02_27_13_480Z-
10 verbose logfile D:\program\surrogacy-portal\npm-cache\_logs\2025-07-09T02_27_13_480Z-debug-0.log
11 silly logfile start cleaning logs, removing 1 files
12 silly packumentCache heap:4345298944 maxSize:1086324736 maxEntrySize:543162368
13 silly logfile done cleaning log files
14 silly idealTree buildDeps
15 silly reify moves {}
16 silly audit bulk request {
16 silly audit   '@ampproject/remapping': [ '2.3.0' ],
16 silly audit   '@babel/code-frame': [ '7.27.1' ],
16 silly audit   '@babel/compat-data': [ '7.28.0' ],
16 silly audit   '@babel/core': [ '7.28.0' ],
16 silly audit   semver: [ '6.3.1', '7.7.2' ],
16 silly audit   '@babel/generator': [ '7.28.0' ],
16 silly audit   '@babel/helper-annotate-as-pure': [ '7.27.3' ],
16 silly audit   '@babel/helper-compilation-targets': [ '7.27.2' ],
16 silly audit   '@babel/helper-create-class-features-plugin': [ '7.27.1' ],
16 silly audit   '@babel/helper-globals': [ '7.28.0' ],
16 silly audit   '@babel/helper-member-expression-to-functions': [ '7.27.1' ],
16 silly audit   '@babel/helper-module-imports': [ '7.27.1' ],
16 silly audit   '@babel/helper-module-transforms': [ '7.27.3' ],
16 silly audit   '@babel/helper-optimise-call-expression': [ '7.27.1' ],
16 silly audit   '@babel/helper-plugin-utils': [ '7.27.1' ],
16 silly audit   '@babel/helper-replace-supers': [ '7.27.1' ],
16 silly audit   '@babel/helper-skip-transparent-expression-wrappers': [ '7.27.1' ],
16 silly audit   '@babel/helper-string-parser': [ '7.27.1' ],
16 silly audit   '@babel/helper-validator-identifier': [ '7.27.1' ],
16 silly audit   '@babel/helper-validator-option': [ '7.27.1' ],
16 silly audit   '@babel/helpers': [ '7.27.6' ],
16 silly audit   '@babel/parser': [ '7.28.0' ],
16 silly audit   '@babel/plugin-syntax-jsx': [ '7.27.1' ],
16 silly audit   '@babel/plugin-syntax-typescript': [ '7.27.1' ],
16 silly audit   '@babel/plugin-transform-typescript': [ '7.28.0' ],
16 silly audit   '@babel/template': [ '7.27.2' ],
16 silly audit   '@babel/traverse': [ '7.28.0' ],
16 silly audit   '@babel/types': [ '7.28.0' ],
16 silly audit   '@cloudflare/kv-asset-handler': [ '0.4.0' ],
16 silly audit   mime: [ '3.0.0', '4.0.7' ],
16 silly audit   '@colors/colors': [ '1.6.0' ],
16 silly audit   '@dabh/diagnostics': [ '2.0.3' ],
16 silly audit   '@dependents/detective-less': [ '5.0.1' ],
16 silly audit   '@emnapi/core': [ '1.4.4' ],
16 silly audit   '@emnapi/runtime': [ '1.4.4' ],
16 silly audit   '@emnapi/wasi-threads': [ '1.0.3' ],
16 silly audit   '@esbuild/aix-ppc64': [ '0.25.6', '0.25.5' ],
16 silly audit   '@esbuild/android-arm': [ '0.25.6', '0.25.5' ],
16 silly audit   '@esbuild/android-arm64': [ '0.25.6', '0.25.5' ],
16 silly audit   '@esbuild/android-x64': [ '0.25.6', '0.25.5' ],
16 silly audit   '@esbuild/darwin-arm64': [ '0.25.6', '0.25.5' ],
16 silly audit   '@esbuild/darwin-x64': [ '0.25.6', '0.25.5' ],
16 silly audit   '@esbuild/freebsd-arm64': [ '0.25.6', '0.25.5' ],
16 silly audit   '@esbuild/freebsd-x64': [ '0.25.6', '0.25.5' ],
16 silly audit   '@esbuild/linux-arm': [ '0.25.6', '0.25.5' ],
16 silly audit   '@esbuild/linux-arm64': [ '0.25.6', '0.25.5' ],
16 silly audit   '@esbuild/linux-ia32': [ '0.25.6', '0.25.5' ],
16 silly audit   '@esbuild/linux-loong64': [ '0.25.6', '0.25.5' ],
16 silly audit   '@esbuild/linux-mips64el': [ '0.25.6', '0.25.5' ],
16 silly audit   '@esbuild/linux-ppc64': [ '0.25.6', '0.25.5' ],
16 silly audit   '@esbuild/linux-riscv64': [ '0.25.6', '0.25.5' ],
16 silly audit   '@esbuild/linux-s390x': [ '0.25.6', '0.25.5' ],
16 silly audit   '@esbuild/linux-x64': [ '0.25.6', '0.25.5' ],
16 silly audit   '@esbuild/netbsd-arm64': [ '0.25.6', '0.25.5' ],
16 silly audit   '@esbuild/netbsd-x64': [ '0.25.6', '0.25.5' ],
16 silly audit   '@esbuild/openbsd-arm64': [ '0.25.6', '0.25.5' ],
16 silly audit   '@esbuild/openbsd-x64': [ '0.25.6', '0.25.5' ],
16 silly audit   '@esbuild/openharmony-arm64': [ '0.25.6' ],
16 silly audit   '@esbuild/sunos-x64': [ '0.25.6', '0.25.5' ],
16 silly audit   '@esbuild/win32-arm64': [ '0.25.6', '0.25.5' ],
16 silly audit   '@esbuild/win32-ia32': [ '0.25.6', '0.25.5' ],
16 silly audit   '@esbuild/win32-x64': [ '0.25.6', '0.25.5' ],
16 silly audit   '@eslint-community/eslint-utils': [ '4.7.0' ],
16 silly audit   '@eslint-community/regexpp': [ '4.12.1' ],
16 silly audit   '@eslint/config-array': [ '0.21.0' ],
16 silly audit   'brace-expansion': [ '1.1.12', '2.0.2' ],
16 silly audit   minimatch: [ '3.1.2', '9.0.5', '5.1.6' ],
16 silly audit   '@eslint/config-helpers': [ '0.3.0' ],
16 silly audit   '@eslint/core': [ '0.14.0', '0.15.1' ],
16 silly audit   '@eslint/eslintrc': [ '3.3.1' ],
16 silly audit   ignore: [ '5.3.2', '7.0.5' ],
16 silly audit   '@eslint/js': [ '9.30.1' ],
16 silly audit   '@eslint/object-schema': [ '2.1.6' ],
16 silly audit   '@eslint/plugin-kit': [ '0.3.3' ],
16 silly audit   '@fastify/busboy': [ '3.1.1' ],
16 silly audit   '@humanfs/core': [ '0.19.1' ],
16 silly audit   '@humanfs/node': [ '0.16.6' ],
16 silly audit   '@humanwhocodes/retry': [ '0.3.1', '0.4.3' ],
16 silly audit   '@humanwhocodes/module-importer': [ '1.0.1' ],
16 silly audit   '@intlify/bundle-utils': [ '10.0.1' ],
16 silly audit   '@intlify/message-compiler': [ '11.1.9', '10.0.7' ],
16 silly audit   '@intlify/shared': [ '11.1.9', '10.0.7' ],
16 silly audit   'estree-walker': [ '2.0.2', '3.0.3' ],
16 silly audit   '@intlify/core': [ '10.0.7' ],
16 silly audit   '@intlify/core-base': [ '10.0.7' ],
16 silly audit   '@intlify/h3': [ '0.6.1' ],
16 silly audit   '@intlify/unplugin-vue-i18n': [ '6.0.8' ],
16 silly audit   '@intlify/utils': [ '0.13.0' ],
16 silly audit   '@intlify/vue-i18n-extensions': [ '8.0.0' ],
16 silly audit   '@ioredis/commands': [ '1.2.0' ],
16 silly audit   '@isaacs/cliui': [ '8.0.2' ],
16 silly audit   '@isaacs/fs-minipass': [ '4.0.1' ],
16 silly audit   '@jridgewell/gen-mapping': [ '0.3.12' ],
16 silly audit   '@jridgewell/resolve-uri': [ '3.1.2' ],
16 silly audit   '@jridgewell/source-map': [ '0.3.10' ],
16 silly audit   '@jridgewell/sourcemap-codec': [ '1.5.4' ],
16 silly audit   '@jridgewell/trace-mapping': [ '0.3.29' ],
16 silly audit   '@kwsites/file-exists': [ '1.1.1' ],
16 silly audit   '@kwsites/promise-deferred': [ '1.1.1' ],
16 silly audit   '@mapbox/node-pre-gyp': [ '2.0.0' ],
16 silly audit   'detect-libc': [ '2.0.4', '1.0.3' ],
16 silly audit   '@miyaneee/rollup-plugin-json5': [ '1.2.0' ],
16 silly audit   '@napi-rs/wasm-runtime': [ '0.2.11' ],
16 silly audit   '@netlify/binary-info': [ '1.0.0' ],
16 silly audit   '@netlify/blobs': [ '8.2.0', '9.1.2' ],
16 silly audit   '@netlify/dev-utils': [ '2.2.0' ],
16 silly audit   '@netlify/functions': [ '3.1.10' ],
16 silly audit   'is-stream': [ '4.0.1', '2.0.1', '3.0.0' ],
16 silly audit   '@netlify/open-api': [ '2.37.0' ],
16 silly audit   '@netlify/runtime-utils': [ '1.3.1' ],
16 silly audit   '@netlify/serverless-functions-api': [ '1.41.2', '2.1.3' ],
16 silly audit   '@netlify/zip-it-and-ship-it': [ '12.2.1' ],
16 silly audit   esbuild: [ '0.25.5', '0.25.6' ],
16 silly audit   '@nodelib/fs.scandir': [ '2.1.5' ],
16 silly audit   '@nodelib/fs.stat': [ '2.0.5' ],
16 silly audit   '@nodelib/fs.walk': [ '1.2.8' ],
16 silly audit   '@nuxt/cli': [ '3.25.1' ],
16 silly audit   pathe: [ '2.0.3', '1.1.2' ],
16 silly audit   '@nuxt/devalue': [ '2.0.2' ],
16 silly audit   '@nuxt/devtools': [ '2.6.2' ],
16 silly audit   '@nuxt/devtools-kit': [ '2.6.2' ],
16 silly audit   '@nuxt/devtools-wizard': [ '2.6.2' ],
16 silly audit   '@nuxt/kit': [ '3.17.6' ],
16 silly audit   '@nuxt/schema': [ '3.17.6' ],
16 silly audit   '@nuxt/telemetry': [ '2.6.6' ],
16 silly audit   '@nuxt/vite-builder': [ '3.17.6' ],
16 silly audit   '@nuxtjs/i18n': [ '9.5.6' ],
16 silly audit   '@oxc-parser/binding-darwin-arm64': [ '0.70.0', '0.75.1' ],
16 silly audit   '@oxc-parser/binding-darwin-x64': [ '0.70.0', '0.75.1' ],
16 silly audit   '@oxc-parser/binding-freebsd-x64': [ '0.70.0', '0.75.1' ],
16 silly audit   '@oxc-parser/binding-linux-arm-gnueabihf': [ '0.70.0', '0.75.1' ],
16 silly audit   '@oxc-parser/binding-linux-arm-musleabihf': [ '0.70.0', '0.75.1' ],
16 silly audit   '@oxc-parser/binding-linux-arm64-gnu': [ '0.70.0', '0.75.1' ],
16 silly audit   '@oxc-parser/binding-linux-arm64-musl': [ '0.70.0', '0.75.1' ],
16 silly audit   '@oxc-parser/binding-linux-riscv64-gnu': [ '0.70.0', '0.75.1' ],
16 silly audit   '@oxc-parser/binding-linux-s390x-gnu': [ '0.70.0', '0.75.1' ],
16 silly audit   '@oxc-parser/binding-linux-x64-gnu': [ '0.70.0', '0.75.1' ],
16 silly audit   '@oxc-parser/binding-linux-x64-musl': [ '0.70.0', '0.75.1' ],
16 silly audit   '@oxc-parser/binding-wasm32-wasi': [ '0.70.0', '0.75.1' ],
16 silly audit   '@oxc-parser/binding-win32-arm64-msvc': [ '0.70.0', '0.75.1' ],
16 silly audit   '@oxc-parser/binding-win32-x64-msvc': [ '0.70.0', '0.75.1' ],
16 silly audit   '@oxc-project/types': [ '0.70.0', '0.60.0', '0.75.1' ],
16 silly audit   '@vue-macros/common': [ '1.16.1', '3.0.0-beta.15' ],
16 silly audit   'ast-kit': [ '1.4.3', '2.1.1' ],
16 silly audit   'ast-walker-scope': [ '0.6.2', '0.8.1' ],
16 silly audit   'magic-string-ast': [ '0.7.1', '1.0.0' ],
16 silly audit   'oxc-parser': [ '0.70.0', '0.75.1' ],
16 silly audit   unplugin: [ '2.3.5', '1.16.1' ],
16 silly audit   'unplugin-vue-router': [ '0.12.0', '0.14.0' ],
16 silly audit   '@oxc-parser/binding-android-arm64': [ '0.75.1' ],
16 silly audit   '@oxc-parser/wasm': [ '0.60.0' ],
16 silly audit   '@parcel/watcher': [ '2.5.1' ],
16 silly audit   '@parcel/watcher-android-arm64': [ '2.5.1' ],
16 silly audit   '@parcel/watcher-darwin-arm64': [ '2.5.1' ],
16 silly audit   '@parcel/watcher-darwin-x64': [ '2.5.1' ],
16 silly audit   '@parcel/watcher-freebsd-x64': [ '2.5.1' ],
16 silly audit   '@parcel/watcher-linux-arm-glibc': [ '2.5.1' ],
16 silly audit   '@parcel/watcher-linux-arm-musl': [ '2.5.1' ],
16 silly audit   '@parcel/watcher-linux-arm64-glibc': [ '2.5.1' ],
16 silly audit   '@parcel/watcher-linux-arm64-musl': [ '2.5.1' ],
16 silly audit   '@parcel/watcher-linux-x64-glibc': [ '2.5.1' ],
16 silly audit   '@parcel/watcher-linux-x64-musl': [ '2.5.1' ],
16 silly audit   '@parcel/watcher-wasm': [ '2.5.1' ],
16 silly audit   '@parcel/watcher-win32-arm64': [ '2.5.1' ],
16 silly audit   '@parcel/watcher-win32-ia32': [ '2.5.1' ],
16 silly audit   '@parcel/watcher-win32-x64': [ '2.5.1' ],
16 silly audit   '@pkgjs/parseargs': [ '0.11.0' ],
16 silly audit   '@polka/url': [ '1.0.0-next.29' ],
16 silly audit   '@poppinss/colors': [ '4.1.5' ],
16 silly audit   kleur: [ '4.1.5', '3.0.3' ],
16 silly audit   '@poppinss/dumper': [ '0.6.4' ],
16 silly audit   '@poppinss/exception': [ '1.2.2' ],
16 silly audit   '@rolldown/pluginutils': [ '1.0.0-beta.24' ],
16 silly audit   '@rollup/plugin-alias': [ '5.1.1' ],
16 silly audit   '@rollup/plugin-commonjs': [ '28.0.6' ],
16 silly audit   '@rollup/plugin-inject': [ '5.0.5' ],
16 silly audit   '@rollup/plugin-json': [ '6.1.0' ],
16 silly audit   '@rollup/plugin-node-resolve': [ '16.0.1' ],
16 silly audit   resolve: [ '1.22.10', '2.0.0-next.5' ],
16 silly audit   '@rollup/plugin-replace': [ '6.0.2' ],
16 silly audit   '@rollup/plugin-terser': [ '0.4.4' ],
16 silly audit   '@rollup/plugin-yaml': [ '4.1.2' ],
16 silly audit   '@rollup/pluginutils': [ '5.2.0' ],
16 silly audit   '@rollup/rollup-android-arm-eabi': [ '4.44.2' ],
16 silly audit   '@rollup/rollup-android-arm64': [ '4.44.2' ],
16 silly audit   '@rollup/rollup-darwin-arm64': [ '4.44.2' ],
16 silly audit   '@rollup/rollup-darwin-x64': [ '4.44.2' ],
16 silly audit   '@rollup/rollup-freebsd-arm64': [ '4.44.2' ],
16 silly audit   '@rollup/rollup-freebsd-x64': [ '4.44.2' ],
16 silly audit   '@rollup/rollup-linux-arm-gnueabihf': [ '4.44.2' ],
16 silly audit   '@rollup/rollup-linux-arm-musleabihf': [ '4.44.2' ],
16 silly audit   '@rollup/rollup-linux-arm64-gnu': [ '4.44.2' ],
16 silly audit   '@rollup/rollup-linux-arm64-musl': [ '4.44.2' ],
16 silly audit   '@rollup/rollup-linux-loongarch64-gnu': [ '4.44.2' ],
16 silly audit   '@rollup/rollup-linux-powerpc64le-gnu': [ '4.44.2' ],
16 silly audit   '@rollup/rollup-linux-riscv64-gnu': [ '4.44.2' ],
16 silly audit   '@rollup/rollup-linux-riscv64-musl': [ '4.44.2' ],
16 silly audit   '@rollup/rollup-linux-s390x-gnu': [ '4.44.2' ],
16 silly audit   '@rollup/rollup-linux-x64-gnu': [ '4.44.2' ],
16 silly audit   '@rollup/rollup-linux-x64-musl': [ '4.44.2' ],
16 silly audit   '@rollup/rollup-win32-arm64-msvc': [ '4.44.2' ],
16 silly audit   '@rollup/rollup-win32-ia32-msvc': [ '4.44.2' ],
16 silly audit   '@rollup/rollup-win32-x64-msvc': [ '4.44.2' ],
16 silly audit   '@sindresorhus/is': [ '7.0.2' ],
16 silly audit   '@sindresorhus/merge-streams': [ '2.3.0' ],
16 silly audit   '@speed-highlight/core': [ '1.2.7' ],
16 silly audit   '@trysound/sax': [ '0.2.0' ],
16 silly audit   '@tybys/wasm-util': [ '0.9.0' ],
16 silly audit   '@types/estree': [ '1.0.8' ],
16 silly audit   '@types/json-schema': [ '7.0.15' ],
16 silly audit   '@types/node': [ '24.0.10' ],
16 silly audit   '@types/normalize-package-data': [ '2.4.4' ],
16 silly audit   '@types/parse-path': [ '7.0.3' ],
16 silly audit   '@types/resolve': [ '1.20.2' ],
16 silly audit   '@types/triple-beam': [ '1.3.5' ],
16 silly audit   '@types/yauzl': [ '2.10.3' ],
16 silly audit   '@typescript-eslint/project-service': [ '8.36.0' ],
16 silly audit   '@typescript-eslint/scope-manager': [ '8.36.0' ],
16 silly audit   '@typescript-eslint/tsconfig-utils': [ '8.36.0' ],
16 silly audit   '@typescript-eslint/types': [ '8.36.0' ],
16 silly audit   '@typescript-eslint/typescript-estree': [ '8.36.0' ],
16 silly audit   '@typescript-eslint/visitor-keys': [ '8.36.0' ],
16 silly audit   'eslint-visitor-keys': [ '4.2.1', '3.4.3' ],
16 silly audit   '@unhead/dom': [ '1.11.20' ],
16 silly audit   '@unhead/schema': [ '1.11.20' ],
16 silly audit   '@unhead/shared': [ '1.11.20' ],
16 silly audit   '@unhead/vue': [ '2.0.12' ],
16 silly audit   unhead: [ '2.0.12', '1.11.20' ],
16 silly audit   '@vercel/nft': [ '0.29.4' ],
16 silly audit   '@vitejs/plugin-vue': [ '5.2.4' ],
16 silly audit   '@vitejs/plugin-vue-jsx': [ '4.2.0' ],
16 silly audit   '@vue/babel-helper-vue-transform-on': [ '1.4.0' ],
16 silly audit   '@vue/babel-plugin-jsx': [ '1.4.0' ],
16 silly audit   '@vue/babel-plugin-resolve-type': [ '1.4.0' ],
16 silly audit   '@vue/compiler-core': [ '3.5.17' ],
16 silly audit   '@vue/compiler-dom': [ '3.5.17' ],
16 silly audit   '@vue/compiler-sfc': [ '3.5.17' ],
16 silly audit   '@vue/compiler-ssr': [ '3.5.17' ],
16 silly audit   '@vue/devtools-api': [ '6.6.4' ],
16 silly audit   '@vue/devtools-core': [ '7.7.7' ],
16 silly audit   '@vue/devtools-kit': [ '7.7.7' ],
16 silly audit   '@vue/devtools-shared': [ '7.7.7' ],
16 silly audit   '@vue/reactivity': [ '3.5.17' ],
16 silly audit   '@vue/runtime-core': [ '3.5.17' ],
16 silly audit   '@vue/runtime-dom': [ '3.5.17' ],
16 silly audit   '@vue/server-renderer': [ '3.5.17' ],
16 silly audit   '@vue/shared': [ '3.5.17' ],
16 silly audit   '@whatwg-node/disposablestack': [ '0.0.6' ],
16 silly audit   '@whatwg-node/fetch': [ '0.10.8' ],
16 silly audit   'urlpattern-polyfill': [ '10.1.0', '8.0.2' ],
16 silly audit   '@whatwg-node/node-fetch': [ '0.7.21' ],
16 silly audit   '@whatwg-node/promise-helpers': [ '1.3.2' ],
16 silly audit   '@whatwg-node/server': [ '0.9.71' ],
16 silly audit   abbrev: [ '3.0.1' ],
16 silly audit   'abort-controller': [ '3.0.0' ],
16 silly audit   acorn: [ '8.15.0' ],
16 silly audit   'acorn-import-attributes': [ '1.9.5' ],
16 silly audit   'acorn-jsx': [ '5.3.2' ],
16 silly audit   'agent-base': [ '7.1.4' ],
16 silly audit   ajv: [ '6.12.6' ],
16 silly audit   'ansi-regex': [ '6.1.0', '5.0.1' ],
16 silly audit   'ansi-styles': [ '6.2.1', '4.3.0' ],
16 silly audit   ansis: [ '4.1.0' ],
16 silly audit   anymatch: [ '3.1.3' ],
16 silly audit   picomatch: [ '2.3.1', '4.0.2' ],
16 silly audit   archiver: [ '7.0.1' ],
16 silly audit   'archiver-utils': [ '5.0.2' ],
16 silly audit   argparse: [ '2.0.1' ],
16 silly audit   'ast-module-types': [ '6.0.1' ],
16 silly audit   async: [ '3.2.6' ],
16 silly audit   'async-sema': [ '3.1.1' ],
16 silly audit   autoprefixer: [ '10.4.21' ],
16 silly audit   b4a: [ '1.6.7' ],
16 silly audit   'balanced-match': [ '1.0.2' ],
16 silly audit   'bare-events': [ '2.5.4' ],
16 silly audit   'base64-js': [ '1.5.1' ],
16 silly audit   bindings: [ '1.5.0' ],
16 silly audit   birpc: [ '2.4.0' ],
16 silly audit   boolbase: [ '1.0.0' ],
16 silly audit   braces: [ '3.0.3' ],
16 silly audit   browserslist: [ '4.25.1' ],
16 silly audit   buffer: [ '6.0.3' ],
16 silly audit   'buffer-crc32': [ '1.0.0', '0.2.13' ],
16 silly audit   'buffer-from': [ '1.1.2' ],
16 silly audit   'builtin-modules': [ '3.3.0' ],
16 silly audit   'bundle-name': [ '4.1.0' ],
16 silly audit   c12: [ '3.0.4' ],
16 silly audit   cac: [ '6.7.14' ],
16 silly audit   'call-bind-apply-helpers': [ '1.0.2' ],
16 silly audit   'call-bound': [ '1.0.4' ],
16 silly audit   callsite: [ '1.0.0' ],
16 silly audit   callsites: [ '3.1.0' ],
16 silly audit   'caniuse-api': [ '3.0.0' ],
16 silly audit   'caniuse-lite': [ '1.0.30001727' ],
16 silly audit   chalk: [ '4.1.2' ],
16 silly audit   'color-convert': [ '2.0.1', '1.9.3' ],
16 silly audit   'supports-color': [ '7.2.0', '10.0.0' ],
16 silly audit   chokidar: [ '4.0.3' ],
16 silly audit   chownr: [ '3.0.0' ],
16 silly audit   citty: [ '0.1.6' ],
16 silly audit   clipboardy: [ '4.0.0' ],
16 silly audit   cliui: [ '8.0.1' ],
16 silly audit   'emoji-regex': [ '8.0.0', '9.2.2' ],
16 silly audit   'string-width': [ '4.2.3', '5.1.2' ],
16 silly audit   'strip-ansi': [ '6.0.1', '7.1.0' ],
16 silly audit   'wrap-ansi': [ '7.0.0', '8.1.0' ],
16 silly audit   'cluster-key-slot': [ '1.1.2' ],
16 silly audit   color: [ '3.2.1' ],
16 silly audit   'color-name': [ '1.1.3', '1.1.4' ],
16 silly audit   'color-string': [ '1.9.1' ],
16 silly audit   colord: [ '2.9.3' ],
16 silly audit   colorspace: [ '1.1.4' ],
16 silly audit   commander: [ '10.0.1', '12.1.0', '7.2.0', '2.20.3' ],
16 silly audit   'common-path-prefix': [ '3.0.0' ],
16 silly audit   commondir: [ '1.0.1' ],
16 silly audit   compatx: [ '0.2.0' ],
16 silly audit   'compress-commons': [ '6.0.2' ],
16 silly audit   'concat-map': [ '0.0.1' ],
16 silly audit   confbox: [ '0.2.2', '0.1.8' ],
16 silly audit   consola: [ '3.4.2' ],
16 silly audit   'convert-source-map': [ '2.0.0' ],
16 silly audit   cookie: [ '1.0.2' ],
16 silly audit   'cookie-es': [ '2.0.0', '1.2.2' ],
16 silly audit   'copy-anything': [ '3.0.5' ],
16 silly audit   'copy-file': [ '11.0.0' ],
16 silly audit   'core-util-is': [ '1.0.3' ],
16 silly audit   'crc-32': [ '1.2.2' ],
16 silly audit   'crc32-stream': [ '6.0.0' ],
16 silly audit   'cron-parser': [ '4.9.0' ],
16 silly audit   croner: [ '9.1.0' ],
16 silly audit   'cross-spawn': [ '7.0.6' ],
16 silly audit   isexe: [ '2.0.0', '3.1.1' ],
16 silly audit   which: [ '2.0.2', '5.0.0' ],
16 silly audit   crossws: [ '0.3.5' ],
16 silly audit   'css-declaration-sorter': [ '7.2.0' ],
16 silly audit   'css-select': [ '5.2.2' ],
16 silly audit   'css-tree': [ '2.3.1', '2.2.1' ],
16 silly audit   'css-what': [ '6.2.2' ],
16 silly audit   cssesc: [ '3.0.0' ],
16 silly audit   cssnano: [ '7.0.7' ],
16 silly audit   'cssnano-preset-default': [ '7.0.7' ],
16 silly audit   'cssnano-utils': [ '5.0.1' ],
16 silly audit   csso: [ '5.0.5' ],
16 silly audit   'mdn-data': [ '2.0.28', '2.0.30' ],
16 silly audit   csstype: [ '3.1.3' ],
16 silly audit   'data-uri-to-buffer': [ '4.0.1' ],
16 silly audit   db0: [ '0.3.2' ],
16 silly audit   debug: [ '4.4.1' ],
16 silly audit   decache: [ '4.6.2' ],
16 silly audit   'deep-is': [ '0.1.4' ],
16 silly audit   deepmerge: [ '4.3.1' ],
16 silly audit   'default-browser': [ '5.2.1' ],
16 silly audit   'default-browser-id': [ '5.0.0' ],
16 silly audit   'define-lazy-prop': [ '2.0.0', '3.0.0' ],
16 silly audit   defu: [ '6.1.4' ],
16 silly audit   denque: [ '2.1.0' ],
16 silly audit   depd: [ '2.0.0' ],
16 silly audit   destr: [ '2.0.5' ],
16 silly audit   'detective-amd': [ '6.0.1' ],
16 silly audit   'detective-cjs': [ '6.0.1' ],
16 silly audit   'detective-es6': [ '5.0.1' ],
16 silly audit   'detective-postcss': [ '7.0.1' ],
16 silly audit   'detective-sass': [ '6.0.1' ],
16 silly audit   'detective-scss': [ '5.0.1' ],
16 silly audit   'detective-stylus': [ '5.0.1' ],
16 silly audit   'detective-typescript': [ '14.0.0' ],
16 silly audit   'detective-vue2': [ '2.2.0' ],
16 silly audit   devalue: [ '5.1.1' ],
16 silly audit   diff: [ '8.0.2' ],
16 silly audit   'dom-serializer': [ '2.0.0' ],
16 silly audit   domelementtype: [ '2.3.0' ],
16 silly audit   domhandler: [ '5.0.3' ],
16 silly audit   domutils: [ '3.2.2' ],
16 silly audit   'dot-prop': [ '9.0.0' ],
16 silly audit   dotenv: [ '16.6.1' ],
16 silly audit   'dunder-proto': [ '1.0.1' ],
16 silly audit   duplexer: [ '0.1.2' ],
16 silly audit   eastasianwidth: [ '0.2.0' ],
16 silly audit   'ee-first': [ '1.1.1' ],
16 silly audit   'electron-to-chromium': [ '1.5.180' ],
16 silly audit   enabled: [ '2.0.0' ],
16 silly audit   encodeurl: [ '2.0.0' ],
16 silly audit   'end-of-stream': [ '1.4.5' ],
16 silly audit   'enhanced-resolve': [ '5.18.2' ],
16 silly audit   entities: [ '4.5.0' ],
16 silly audit   'env-paths': [ '3.0.0' ],
16 silly audit   'error-stack-parser-es': [ '1.0.5' ],
16 silly audit   errx: [ '0.1.0' ],
16 silly audit   'es-define-property': [ '1.0.1' ],
16 silly audit   'es-errors': [ '1.3.0' ],
16 silly audit   'es-module-lexer': [ '1.7.0' ],
16 silly audit   'es-object-atoms': [ '1.1.1' ],
16 silly audit   escalade: [ '3.2.0' ],
16 silly audit   'escape-html': [ '1.0.3' ],
16 silly audit   'escape-string-regexp': [ '5.0.0', '4.0.0' ],
16 silly audit   escodegen: [ '2.1.0' ],
16 silly audit   eslint: [ '9.30.1' ],
16 silly audit   'eslint-scope': [ '8.4.0' ],
16 silly audit   'find-up': [ '5.0.0', '7.0.0' ],
16 silly audit   'glob-parent': [ '6.0.2', '5.1.2' ],
16 silly audit   'locate-path': [ '6.0.0', '7.2.0' ],
16 silly audit   'p-limit': [ '3.1.0', '4.0.0' ],
16 silly audit   'p-locate': [ '5.0.0', '6.0.0' ],
16 silly audit   'path-exists': [ '4.0.0', '5.0.0' ],
16 silly audit   'yocto-queue': [ '0.1.0', '1.2.1' ],
16 silly audit   espree: [ '10.4.0', '9.6.1' ],
16 silly audit   esprima: [ '4.0.1' ],
16 silly audit   esquery: [ '1.6.0' ],
16 silly audit   esrecurse: [ '4.3.0' ],
16 silly audit   estraverse: [ '5.3.0' ],
16 silly audit   esutils: [ '2.0.3' ],
16 silly audit   etag: [ '1.8.1' ],
16 silly audit   'event-target-shim': [ '5.0.1' ],
16 silly audit   events: [ '3.3.0' ],
16 silly audit   execa: [ '8.0.1' ],
16 silly audit   exsolve: [ '1.0.7' ],
16 silly audit   externality: [ '1.0.2' ],
16 silly audit   'extract-zip': [ '2.0.1' ],
16 silly audit   'get-stream': [ '5.2.0', '8.0.1' ],
16 silly audit   'fast-deep-equal': [ '3.1.3' ],
16 silly audit   'fast-fifo': [ '1.3.2' ],
16 silly audit   'fast-glob': [ '3.3.3' ],
16 silly audit   'fast-json-stable-stringify': [ '2.1.0' ],
16 silly audit   'fast-levenshtein': [ '2.0.6' ],
16 silly audit   'fast-npm-meta': [ '0.4.4' ],
16 silly audit   fastq: [ '1.19.1' ],
16 silly audit   'fd-slicer': [ '1.1.0' ],
16 silly audit   fdir: [ '6.4.6' ],
16 silly audit   fecha: [ '4.2.3' ],
16 silly audit   'fetch-blob': [ '3.2.0' ],
16 silly audit   'file-entry-cache': [ '8.0.0' ],
16 silly audit   'file-uri-to-path': [ '1.0.0' ],
16 silly audit   'fill-range': [ '7.1.1' ],
16 silly audit   'filter-obj': [ '6.1.0' ],
16 silly audit   'find-up-simple': [ '1.0.1' ],
16 silly audit   'flat-cache': [ '4.0.1' ],
16 silly audit   flatted: [ '3.3.3' ],
16 silly audit   'fn.name': [ '1.1.0' ],
16 silly audit   'foreground-child': [ '3.3.1' ],
16 silly audit   'formdata-polyfill': [ '4.0.10' ],
16 silly audit   'fraction.js': [ '4.3.7' ],
16 silly audit   fresh: [ '2.0.0' ],
16 silly audit   fsevents: [ '2.3.3' ],
16 silly audit   'function-bind': [ '1.1.2' ],
16 silly audit   'fuse.js': [ '7.1.0' ],
16 silly audit   gensync: [ '1.0.0-beta.2' ],
16 silly audit   'get-amd-module-type': [ '6.0.1' ],
16 silly audit   'get-caller-file': [ '2.0.5' ],
16 silly audit   'get-intrinsic': [ '1.3.0' ],
16 silly audit   'get-port-please': [ '3.1.2' ],
16 silly audit   'get-proto': [ '1.0.1' ],
16 silly audit   giget: [ '2.0.0' ],
16 silly audit   'git-up': [ '8.1.1' ],
16 silly audit   'git-url-parse': [ '16.1.0' ],
16 silly audit   glob: [ '10.4.5' ],
16 silly audit   'global-directory': [ '4.0.1' ],
16 silly audit   globals: [ '14.0.0' ],
16 silly audit   globby: [ '14.1.0' ],
16 silly audit   'unicorn-magic': [ '0.3.0', '0.1.0' ],
16 silly audit   'gonzales-pe': [ '4.3.0' ],
16 silly audit   gopd: [ '1.2.0' ],
16 silly audit   'graceful-fs': [ '4.2.11' ],
16 silly audit   'gzip-size': [ '7.0.0' ],
16 silly audit   h3: [ '1.15.3' ],
16 silly audit   'has-flag': [ '4.0.0' ],
16 silly audit   'has-symbols': [ '1.1.0' ],
16 silly audit   hasown: [ '2.0.2' ],
16 silly audit   hookable: [ '5.5.3' ],
16 silly audit   'hosted-git-info': [ '7.0.2' ],
16 silly audit   'lru-cache': [ '10.4.3', '5.1.1' ],
16 silly audit   'http-errors': [ '2.0.0' ],
16 silly audit   statuses: [ '2.0.1', '2.0.2' ],
16 silly audit   'http-shutdown': [ '1.2.2' ],
16 silly audit   'https-proxy-agent': [ '7.0.6' ],
16 silly audit   httpxy: [ '0.1.7' ],
16 silly audit   'human-signals': [ '5.0.0' ],
16 silly audit   ieee754: [ '1.2.1' ],
16 silly audit   'image-meta': [ '0.2.1' ],
16 silly audit   'import-fresh': [ '3.3.1' ],
16 silly audit   'resolve-from': [ '4.0.0', '5.0.0' ],
16 silly audit   impound: [ '1.0.0' ],
16 silly audit   imurmurhash: [ '0.1.4' ],
16 silly audit   'index-to-position': [ '1.1.0' ],
16 silly audit   inherits: [ '2.0.4' ],
16 silly audit   ini: [ '4.1.1' ],
16 silly audit   ioredis: [ '5.6.1' ],
16 silly audit   'iron-webcrypto': [ '1.2.1' ],
16 silly audit   'is-arrayish': [ '0.3.2' ],
16 silly audit   'is-builtin-module': [ '3.2.1' ],
16 silly audit   'is-core-module': [ '2.16.1' ],
16 silly audit   'is-docker': [ '3.0.0', '2.2.1' ],
16 silly audit   'is-extglob': [ '2.1.1' ],
16 silly audit   'is-fullwidth-code-point': [ '3.0.0' ],
16 silly audit   'is-glob': [ '4.0.3' ],
16 silly audit   'is-inside-container': [ '1.0.0' ],
16 silly audit   'is-installed-globally': [ '1.0.0' ],
16 silly audit   'is-module': [ '1.0.0' ],
16 silly audit   'is-number': [ '7.0.0' ],
16 silly audit   'is-path-inside': [ '4.0.0' ],
16 silly audit   'is-plain-obj': [ '2.1.0' ],
16 silly audit   'is-reference': [ '1.2.1' ],
16 silly audit   'is-ssh': [ '1.4.1' ],
16 silly audit   'is-url': [ '1.2.4' ],
16 silly audit   'is-url-superb': [ '4.0.0' ],
16 silly audit   'is-what': [ '4.1.16' ],
16 silly audit   'is-wsl': [ '3.1.0', '2.2.0' ],
16 silly audit   is64bit: [ '2.0.0' ],
16 silly audit   isarray: [ '1.0.0' ],
16 silly audit   jackspeak: [ '3.4.3' ],
16 silly audit   jiti: [ '2.4.2' ],
16 silly audit   'js-tokens': [ '4.0.0', '9.0.1' ],
16 silly audit   'js-yaml': [ '4.1.0' ],
16 silly audit   jsesc: [ '3.1.0' ],
16 silly audit   'json-buffer': [ '3.0.1' ],
16 silly audit   'json-schema-traverse': [ '0.4.1' ],
16 silly audit   'json-stable-stringify-without-jsonify': [ '1.0.1' ],
16 silly audit   json5: [ '2.2.3' ],
16 silly audit   'jsonc-eslint-parser': [ '2.4.0' ],
16 silly audit   junk: [ '4.0.1' ],
16 silly audit   'jwt-decode': [ '4.0.0' ],
16 silly audit   keyv: [ '4.5.4' ],
16 silly audit   klona: [ '2.0.6' ],
16 silly audit   knitwork: [ '1.2.0' ],
16 silly audit   kuler: [ '2.0.0' ],
16 silly audit   'lambda-local': [ '2.2.0' ],
16 silly audit   'launch-editor': [ '2.10.0' ],
16 silly audit   lazystream: [ '1.0.1' ],
16 silly audit   'readable-stream': [ '2.3.8', '4.7.0', '3.6.2' ],
16 silly audit   'safe-buffer': [ '5.1.2', '5.2.1' ],
16 silly audit   string_decoder: [ '1.1.1', '1.3.0' ],
16 silly audit   levn: [ '0.4.1' ],
16 silly audit   lilconfig: [ '3.1.3' ],
16 silly audit   listhen: [ '1.9.0' ],
16 silly audit   'local-pkg': [ '1.1.1' ],
16 silly audit   lodash: [ '4.17.21' ],
16 silly audit   'lodash-es': [ '4.17.21' ],
16 silly audit   'lodash.debounce': [ '4.0.8' ],
16 silly audit   'lodash.defaults': [ '4.2.0' ],
16 silly audit   'lodash.isarguments': [ '3.1.0' ],
16 silly audit   'lodash.memoize': [ '4.1.2' ],
16 silly audit   'lodash.merge': [ '4.6.2' ],
16 silly audit   'lodash.uniq': [ '4.5.0' ],
16 silly audit   logform: [ '2.7.0' ],
16 silly audit   luxon: [ '3.6.1' ],
16 silly audit   'magic-string': [ '0.30.17' ],
16 silly audit   magicast: [ '0.3.5' ],
16 silly audit   'math-intrinsics': [ '1.1.0' ],
16 silly audit   'merge-options': [ '3.0.4' ],
16 silly audit   'merge-stream': [ '2.0.0' ],
16 silly audit   merge2: [ '1.4.1' ],
16 silly audit   'micro-api-client': [ '3.3.0' ],
16 silly audit   micromatch: [ '4.0.8' ],
16 silly audit   'mime-db': [ '1.54.0' ],
16 silly audit   'mime-types': [ '3.0.1' ],
16 silly audit   'mimic-fn': [ '4.0.0' ],
16 silly audit   minimist: [ '1.2.8' ],
16 silly audit   minipass: [ '7.1.2' ],
16 silly audit   minizlib: [ '3.0.2' ],
16 silly audit   mitt: [ '3.0.1' ],
16 silly audit   mkdirp: [ '3.0.1' ],
16 silly audit   mlly: [ '1.7.4' ],
16 silly audit   'pkg-types': [ '1.3.1', '2.2.0' ],
16 silly audit   'mocked-exports': [ '0.1.1' ],
16 silly audit   'module-definition': [ '6.0.1' ],
16 silly audit   mrmime: [ '2.0.1' ],
16 silly audit   ms: [ '2.1.3' ],
16 silly audit   nanoid: [ '5.1.5', '3.3.11' ],
16 silly audit   nanotar: [ '0.2.0' ],
16 silly audit   'natural-compare': [ '1.4.0' ],
16 silly audit   netlify: [ '13.3.5' ],
16 silly audit   'node-fetch': [ '3.3.2', '2.7.0' ],
16 silly audit   nitropack: [ '2.11.13' ],
16 silly audit   'source-map': [ '0.7.4', '0.6.1' ],
16 silly audit   youch: [ '4.1.0-beta.8', '4.1.0-beta.10' ],
16 silly audit   'node-addon-api': [ '7.1.1' ],
16 silly audit   'node-domexception': [ '1.0.0' ],
16 silly audit   'node-fetch-native': [ '1.6.6' ],
16 silly audit   'node-forge': [ '1.3.1' ],
16 silly audit   'node-gyp-build': [ '4.8.4' ],
16 silly audit   'node-mock-http': [ '1.0.1' ],
16 silly audit   'node-releases': [ '2.0.19' ],
16 silly audit   'node-source-walk': [ '7.0.1' ],
16 silly audit   nopt: [ '8.1.0' ],
16 silly audit   'normalize-package-data': [ '6.0.2' ],
16 silly audit   'normalize-path': [ '3.0.0', '2.1.1' ],
16 silly audit   'normalize-range': [ '0.1.2' ],
16 silly audit   'npm-run-path': [ '5.3.0', '6.0.0' ],
16 silly audit   'path-key': [ '4.0.0', '3.1.1' ],
16 silly audit   'nth-check': [ '2.1.1' ],
16 silly audit   nuxt: [ '3.17.6' ],
16 silly audit   nypm: [ '0.6.0' ],
16 silly audit   tinyexec: [ '0.3.2', '1.0.1' ],
16 silly audit   'object-inspect': [ '1.13.4' ],
16 silly audit   ofetch: [ '1.4.1' ],
16 silly audit   ohash: [ '2.0.11' ],
16 silly audit   'on-change': [ '5.0.1' ],
16 silly audit   'on-finished': [ '2.4.1' ],
16 silly audit   once: [ '1.4.0' ],
16 silly audit   'one-time': [ '1.0.0' ],
16 silly audit   onetime: [ '6.0.0' ],
16 silly audit   open: [ '8.4.2', '10.1.2' ],
16 silly audit   optionator: [ '0.9.4' ],
16 silly audit   'p-event': [ '6.0.1' ],
16 silly audit   'p-map': [ '7.0.3' ],
16 silly audit   'p-timeout': [ '6.1.4' ],
16 silly audit   'p-wait-for': [ '5.0.2' ],
16 silly audit   'package-json-from-dist': [ '1.0.1' ],
16 silly audit   'package-manager-detector': [ '1.3.0' ],
16 silly audit   packrup: [ '0.1.2' ],
16 silly audit   'parent-module': [ '1.0.1' ],
16 silly audit   'parse-gitignore': [ '2.0.0' ],
16 silly audit   'parse-json': [ '8.3.0' ],
16 silly audit   'parse-path': [ '7.1.0' ],
16 silly audit   'parse-url': [ '9.2.0' ],
16 silly audit   parseurl: [ '1.3.3' ],
16 silly audit   'path-parse': [ '1.0.7' ],
16 silly audit   'path-scurry': [ '1.11.1' ],
16 silly audit   'path-type': [ '6.0.0' ],
16 silly audit   pend: [ '1.2.0' ],
16 silly audit   'perfect-debounce': [ '1.0.0' ],
16 silly audit   picocolors: [ '1.1.1' ],
16 silly audit   postcss: [ '8.5.6' ],
16 silly audit   'postcss-calc': [ '10.1.1' ],
16 silly audit   'postcss-colormin': [ '7.0.3' ],
16 silly audit   'postcss-convert-values': [ '7.0.5' ],
16 silly audit   'postcss-discard-comments': [ '7.0.4' ],
16 silly audit   'postcss-discard-duplicates': [ '7.0.2' ],
16 silly audit   'postcss-discard-empty': [ '7.0.1' ],
16 silly audit   'postcss-discard-overridden': [ '7.0.1' ],
16 silly audit   'postcss-merge-longhand': [ '7.0.5' ],
16 silly audit   'postcss-merge-rules': [ '7.0.5' ],
16 silly audit   'postcss-minify-font-values': [ '7.0.1' ],
16 silly audit   'postcss-minify-gradients': [ '7.0.1' ],
16 silly audit   'postcss-minify-params': [ '7.0.3' ],
16 silly audit   'postcss-minify-selectors': [ '7.0.5' ],
16 silly audit   'postcss-normalize-charset': [ '7.0.1' ],
16 silly audit   'postcss-normalize-display-values': [ '7.0.1' ],
16 silly audit   'postcss-normalize-positions': [ '7.0.1' ],
16 silly audit   'postcss-normalize-repeat-style': [ '7.0.1' ],
16 silly audit   'postcss-normalize-string': [ '7.0.1' ],
16 silly audit   'postcss-normalize-timing-functions': [ '7.0.1' ],
16 silly audit   'postcss-normalize-unicode': [ '7.0.3' ],
16 silly audit   'postcss-normalize-url': [ '7.0.1' ],
16 silly audit   'postcss-normalize-whitespace': [ '7.0.1' ],
16 silly audit   'postcss-ordered-values': [ '7.0.2' ],
16 silly audit   'postcss-reduce-initial': [ '7.0.3' ],
16 silly audit   'postcss-reduce-transforms': [ '7.0.1' ],
16 silly audit   'postcss-selector-parser': [ '7.1.0' ],
16 silly audit   'postcss-svgo': [ '7.0.2' ],
16 silly audit   'postcss-unique-selectors': [ '7.0.4' ],
16 silly audit   'postcss-value-parser': [ '4.2.0' ],
16 silly audit   'postcss-values-parser': [ '6.0.2' ],
16 silly audit   precinct: [ '12.2.0' ],
16 silly audit   'prelude-ls': [ '1.2.1' ],
16 silly audit   prettier: [ '3.6.2' ],
16 silly audit   'pretty-bytes': [ '6.1.1' ],
16 silly audit   process: [ '0.11.10' ],
16 silly audit   'process-nextick-args': [ '2.0.1' ],
16 silly audit   prompts: [ '2.4.2' ],
16 silly audit   protocols: [ '2.0.2' ],
16 silly audit   pump: [ '3.0.3' ],
16 silly audit   punycode: [ '2.3.1' ],
16 silly audit   qs: [ '6.14.0' ],
16 silly audit   quansync: [ '0.2.10' ],
16 silly audit   'queue-microtask': [ '1.2.3' ],
16 silly audit   'quote-unquote': [ '1.0.0' ],
16 silly audit   radix3: [ '1.1.2' ],
16 silly audit   randombytes: [ '2.1.0' ],
16 silly audit   'range-parser': [ '1.2.1' ],
16 silly audit   rc9: [ '2.1.2' ],
16 silly audit   'read-package-up': [ '11.0.0' ],
16 silly audit   'read-pkg': [ '9.0.1' ],
16 silly audit   'readdir-glob': [ '1.1.3' ],
16 silly audit   readdirp: [ '4.1.2' ],
16 silly audit   'redis-errors': [ '1.2.0' ],
16 silly audit   'redis-parser': [ '3.0.0' ],
16 silly audit   'remove-trailing-separator': [ '1.1.0' ],
16 silly audit   'require-directory': [ '2.1.1' ],
16 silly audit   'require-package-name': [ '2.0.1' ],
16 silly audit   reusify: [ '1.1.0' ],
16 silly audit   rfdc: [ '1.4.1' ],
16 silly audit   rollup: [ '4.44.2' ],
16 silly audit   'rollup-plugin-visualizer': [ '6.0.3' ],
16 silly audit   'run-applescript': [ '7.0.0' ],
16 silly audit   'run-parallel': [ '1.2.0' ],
16 silly audit   'safe-stable-stringify': [ '2.5.0' ],
16 silly audit   scule: [ '1.3.0' ],
16 silly audit   send: [ '1.2.0' ],
16 silly audit   'serialize-javascript': [ '6.0.2' ],
16 silly audit   'serve-placeholder': [ '2.0.2' ],
16 silly audit   'serve-static': [ '2.2.0' ],
16 silly audit   setprototypeof: [ '1.2.0' ],
16 silly audit   'shebang-command': [ '2.0.0' ],
16 silly audit   'shebang-regex': [ '3.0.0' ],
16 silly audit   'shell-quote': [ '1.8.3' ],
16 silly audit   'side-channel': [ '1.1.0' ],
16 silly audit   'side-channel-list': [ '1.0.0' ],
16 silly audit   'side-channel-map': [ '1.0.1' ],
16 silly audit   'side-channel-weakmap': [ '1.0.2' ],
16 silly audit   'signal-exit': [ '4.1.0' ],
16 silly audit   'simple-git': [ '3.28.0' ],
16 silly audit   'simple-swizzle': [ '0.2.2' ],
16 silly audit   sirv: [ '3.0.1' ],
16 silly audit   sisteransi: [ '1.0.5' ],
16 silly audit   slash: [ '5.1.0' ],
16 silly audit   smob: [ '1.5.0' ],
16 silly audit   'source-map-js': [ '1.2.1' ],
16 silly audit   'source-map-support': [ '0.5.21' ],
16 silly audit   'spdx-correct': [ '3.2.0' ],
16 silly audit   'spdx-exceptions': [ '2.5.0' ],
16 silly audit   'spdx-expression-parse': [ '3.0.1' ],
16 silly audit   'spdx-license-ids': [ '3.0.21' ],
16 silly audit   speakingurl: [ '14.0.1' ],
16 silly audit   'stack-trace': [ '0.0.10' ],
16 silly audit   'standard-as-callback': [ '2.1.0' ],
16 silly audit   'std-env': [ '3.9.0' ],
16 silly audit   streamx: [ '2.22.1' ],
16 silly audit   'strip-final-newline': [ '3.0.0' ],
16 silly audit   'strip-json-comments': [ '3.1.1' ],
16 silly audit   'strip-literal': [ '3.0.0' ],
16 silly audit   'structured-clone-es': [ '1.0.0' ],
16 silly audit   stylehacks: [ '7.0.5' ],
16 silly audit   superjson: [ '2.2.2' ],
16 silly audit   'supports-preserve-symlinks-flag': [ '1.0.0' ],
16 silly audit   svgo: [ '3.3.2' ],
16 silly audit   'system-architecture': [ '0.1.0' ],
16 silly audit   tapable: [ '2.2.2' ],
16 silly audit   tar: [ '7.4.3' ],
16 silly audit   'tar-stream': [ '3.1.7' ],
16 silly audit   yallist: [ '5.0.0', '3.1.1' ],
16 silly audit   terser: [ '5.43.1' ],
16 silly audit   'text-decoder': [ '1.2.3' ],
16 silly audit   'text-hex': [ '1.0.0' ],
16 silly audit   'tiny-invariant': [ '1.3.3' ],
16 silly audit   tinyglobby: [ '0.2.14' ],
16 silly audit   tmp: [ '0.2.3' ],
16 silly audit   'tmp-promise': [ '3.0.3' ],
16 silly audit   'to-regex-range': [ '5.0.1' ],
16 silly audit   toidentifier: [ '1.0.1' ],
16 silly audit   toml: [ '3.0.0' ],
16 silly audit   tosource: [ '2.0.0-alpha.3' ],
16 silly audit   totalist: [ '3.0.1' ],
16 silly audit   tr46: [ '0.0.3' ],
16 silly audit   'triple-beam': [ '1.4.1' ],
16 silly audit   'ts-api-utils': [ '2.1.0' ],
16 silly audit   tslib: [ '2.8.1' ],
16 silly audit   'type-check': [ '0.4.0' ],
16 silly audit   'type-fest': [ '4.41.0' ],
16 silly audit   typescript: [ '5.8.3' ],
16 silly audit   ufo: [ '1.6.1' ],
16 silly audit   ultrahtml: [ '1.6.0' ],
16 silly audit   uncrypto: [ '0.1.3' ],
16 silly audit   unctx: [ '2.4.1' ],
16 silly audit   'undici-types': [ '7.8.0' ],
16 silly audit   unenv: [ '2.0.0-rc.18' ],
16 silly audit   unimport: [ '5.1.0' ],
16 silly audit   unixify: [ '1.0.0' ],
16 silly audit   'unplugin-utils': [ '0.2.4' ],
16 silly audit   unstorage: [ '1.16.0' ],
16 silly audit   untun: [ '0.1.3' ],
16 silly audit   untyped: [ '2.0.0' ],
16 silly audit   unwasm: [ '0.3.9' ],
16 silly audit   'update-browserslist-db': [ '1.1.3' ],
16 silly audit   uqr: [ '0.1.2' ],
16 silly audit   'uri-js': [ '4.4.1' ],
16 silly audit   'util-deprecate': [ '1.0.2' ],
16 silly audit   uuid: [ '11.1.0' ],
16 silly audit   'validate-npm-package-license': [ '3.0.4' ],
16 silly audit   vite: [ '6.3.5' ],
16 silly audit   'vite-dev-rpc': [ '1.1.0' ],
16 silly audit   'vite-hot-client': [ '2.1.0' ],
16 silly audit   'vite-node': [ '3.2.4' ],
16 silly audit   'vite-plugin-checker': [ '0.9.3' ],
16 silly audit   'vite-plugin-inspect': [ '11.3.0' ],
16 silly audit   'vite-plugin-vue-tracer': [ '1.0.0' ],
16 silly audit   'vscode-uri': [ '3.1.0' ],
16 silly audit   vue: [ '3.5.17' ],
16 silly audit   'vue-bundle-renderer': [ '2.1.1' ],
16 silly audit   'vue-devtools-stub': [ '0.1.0' ],
16 silly audit   'vue-i18n': [ '10.0.7' ],
16 silly audit   'vue-router': [ '4.5.1' ],
16 silly audit   'web-streams-polyfill': [ '3.3.3' ],
16 silly audit   'webidl-conversions': [ '3.0.1' ],
16 silly audit   'webpack-virtual-modules': [ '0.6.2' ],
16 silly audit   'whatwg-url': [ '5.0.0' ],
16 silly audit   winston: [ '3.17.0' ],
16 silly audit   'winston-transport': [ '4.9.0' ],
16 silly audit   'word-wrap': [ '1.2.5' ],
16 silly audit   wrappy: [ '1.0.2' ],
16 silly audit   'write-file-atomic': [ '6.0.0' ],
16 silly audit   ws: [ '8.18.3' ],
16 silly audit   y18n: [ '5.0.8' ],
16 silly audit   yaml: [ '2.8.0' ],
16 silly audit   'yaml-eslint-parser': [ '1.3.0' ],
16 silly audit   yargs: [ '17.7.2' ],
16 silly audit   'yargs-parser': [ '21.1.1' ],
16 silly audit   yauzl: [ '2.10.0' ],
16 silly audit   'youch-core': [ '0.3.3' ],
16 silly audit   zhead: [ '2.2.4' ],
16 silly audit   'zip-stream': [ '6.0.1' ],
16 silly audit   zod: [ '3.25.76' ],
16 silly audit   'napi-wasm': [ '1.1.0' ]
16 silly audit }
17 verbose reify failed optional dependency D:\program\surrogacy-portal\node_modules\fsevents
18 silly reify mark deleted [ 'D:\\program\\surrogacy-portal\\node_modules\\fsevents' ]
19 verbose reify failed optional dependency D:\program\surrogacy-portal\node_modules\@rollup\rollup-win32-ia32-msvc
20 silly reify mark deleted [
20 silly reify   'D:\\program\\surrogacy-portal\\node_modules\\@rollup\\rollup-win32-ia32-msvc'
20 silly reify ]
21 verbose reify failed optional dependency D:\program\surrogacy-portal\node_modules\@rollup\rollup-win32-arm64-msvc
22 silly reify mark deleted [
22 silly reify   'D:\\program\\surrogacy-portal\\node_modules\\@rollup\\rollup-win32-arm64-msvc'
22 silly reify ]
23 verbose reify failed optional dependency D:\program\surrogacy-portal\node_modules\@rollup\rollup-linux-x64-musl
24 silly reify mark deleted [
24 silly reify   'D:\\program\\surrogacy-portal\\node_modules\\@rollup\\rollup-linux-x64-musl'
24 silly reify ]
25 verbose reify failed optional dependency D:\program\surrogacy-portal\node_modules\@rollup\rollup-linux-x64-gnu
26 silly reify mark deleted [
26 silly reify   'D:\\program\\surrogacy-portal\\node_modules\\@rollup\\rollup-linux-x64-gnu'
26 silly reify ]
27 verbose reify failed optional dependency D:\program\surrogacy-portal\node_modules\@rollup\rollup-linux-s390x-gnu
28 silly reify mark deleted [
28 silly reify   'D:\\program\\surrogacy-portal\\node_modules\\@rollup\\rollup-linux-s390x-gnu'
28 silly reify ]
29 verbose reify failed optional dependency D:\program\surrogacy-portal\node_modules\@rollup\rollup-linux-riscv64-musl
30 silly reify mark deleted [
30 silly reify   'D:\\program\\surrogacy-portal\\node_modules\\@rollup\\rollup-linux-riscv64-musl'
30 silly reify ]
31 verbose reify failed optional dependency D:\program\surrogacy-portal\node_modules\@rollup\rollup-linux-riscv64-gnu
32 silly reify mark deleted [
32 silly reify   'D:\\program\\surrogacy-portal\\node_modules\\@rollup\\rollup-linux-riscv64-gnu'
32 silly reify ]
33 verbose reify failed optional dependency D:\program\surrogacy-portal\node_modules\@rollup\rollup-linux-powerpc64le-gnu
34 silly reify mark deleted [
34 silly reify   'D:\\program\\surrogacy-portal\\node_modules\\@rollup\\rollup-linux-powerpc64le-gnu'
34 silly reify ]
35 verbose reify failed optional dependency D:\program\surrogacy-portal\node_modules\@rollup\rollup-linux-loongarch64-gnu
36 silly reify mark deleted [
36 silly reify   'D:\\program\\surrogacy-portal\\node_modules\\@rollup\\rollup-linux-loongarch64-gnu'
36 silly reify ]
37 verbose reify failed optional dependency D:\program\surrogacy-portal\node_modules\@rollup\rollup-linux-arm64-musl
38 silly reify mark deleted [
38 silly reify   'D:\\program\\surrogacy-portal\\node_modules\\@rollup\\rollup-linux-arm64-musl'
38 silly reify ]
39 verbose reify failed optional dependency D:\program\surrogacy-portal\node_modules\@rollup\rollup-linux-arm64-gnu
40 silly reify mark deleted [
40 silly reify   'D:\\program\\surrogacy-portal\\node_modules\\@rollup\\rollup-linux-arm64-gnu'
40 silly reify ]
41 verbose reify failed optional dependency D:\program\surrogacy-portal\node_modules\@rollup\rollup-linux-arm-musleabihf
42 silly reify mark deleted [
42 silly reify   'D:\\program\\surrogacy-portal\\node_modules\\@rollup\\rollup-linux-arm-musleabihf'
42 silly reify ]
43 verbose reify failed optional dependency D:\program\surrogacy-portal\node_modules\@rollup\rollup-linux-arm-gnueabihf
44 silly reify mark deleted [
44 silly reify   'D:\\program\\surrogacy-portal\\node_modules\\@rollup\\rollup-linux-arm-gnueabihf'
44 silly reify ]
45 verbose reify failed optional dependency D:\program\surrogacy-portal\node_modules\@rollup\rollup-freebsd-x64
46 silly reify mark deleted [
46 silly reify   'D:\\program\\surrogacy-portal\\node_modules\\@rollup\\rollup-freebsd-x64'
46 silly reify ]
47 verbose reify failed optional dependency D:\program\surrogacy-portal\node_modules\@rollup\rollup-freebsd-arm64
48 silly reify mark deleted [
48 silly reify   'D:\\program\\surrogacy-portal\\node_modules\\@rollup\\rollup-freebsd-arm64'
48 silly reify ]
49 verbose reify failed optional dependency D:\program\surrogacy-portal\node_modules\@rollup\rollup-darwin-x64
50 silly reify mark deleted [
50 silly reify   'D:\\program\\surrogacy-portal\\node_modules\\@rollup\\rollup-darwin-x64'
50 silly reify ]
51 verbose reify failed optional dependency D:\program\surrogacy-portal\node_modules\@rollup\rollup-darwin-arm64
52 silly reify mark deleted [
52 silly reify   'D:\\program\\surrogacy-portal\\node_modules\\@rollup\\rollup-darwin-arm64'
52 silly reify ]
53 verbose reify failed optional dependency D:\program\surrogacy-portal\node_modules\@rollup\rollup-android-arm64
54 silly reify mark deleted [
54 silly reify   'D:\\program\\surrogacy-portal\\node_modules\\@rollup\\rollup-android-arm64'
54 silly reify ]
55 verbose reify failed optional dependency D:\program\surrogacy-portal\node_modules\@rollup\rollup-android-arm-eabi
56 silly reify mark deleted [
56 silly reify   'D:\\program\\surrogacy-portal\\node_modules\\@rollup\\rollup-android-arm-eabi'
56 silly reify ]
57 verbose reify failed optional dependency D:\program\surrogacy-portal\node_modules\@parcel\watcher-win32-ia32
58 silly reify mark deleted [
58 silly reify   'D:\\program\\surrogacy-portal\\node_modules\\@parcel\\watcher-win32-ia32'
58 silly reify ]
59 verbose reify failed optional dependency D:\program\surrogacy-portal\node_modules\@parcel\watcher-win32-arm64
60 silly reify mark deleted [
60 silly reify   'D:\\program\\surrogacy-portal\\node_modules\\@parcel\\watcher-win32-arm64'
60 silly reify ]
61 verbose reify failed optional dependency D:\program\surrogacy-portal\node_modules\@parcel\watcher-linux-x64-musl
62 silly reify mark deleted [
62 silly reify   'D:\\program\\surrogacy-portal\\node_modules\\@parcel\\watcher-linux-x64-musl'
62 silly reify ]
63 verbose reify failed optional dependency D:\program\surrogacy-portal\node_modules\@parcel\watcher-linux-x64-glibc
64 silly reify mark deleted [
64 silly reify   'D:\\program\\surrogacy-portal\\node_modules\\@parcel\\watcher-linux-x64-glibc'
64 silly reify ]
65 verbose reify failed optional dependency D:\program\surrogacy-portal\node_modules\@parcel\watcher-linux-arm64-musl
66 silly reify mark deleted [
66 silly reify   'D:\\program\\surrogacy-portal\\node_modules\\@parcel\\watcher-linux-arm64-musl'
66 silly reify ]
67 verbose reify failed optional dependency D:\program\surrogacy-portal\node_modules\@parcel\watcher-linux-arm64-glibc
68 silly reify mark deleted [
68 silly reify   'D:\\program\\surrogacy-portal\\node_modules\\@parcel\\watcher-linux-arm64-glibc'
68 silly reify ]
69 verbose reify failed optional dependency D:\program\surrogacy-portal\node_modules\@parcel\watcher-linux-arm-musl
70 silly reify mark deleted [
70 silly reify   'D:\\program\\surrogacy-portal\\node_modules\\@parcel\\watcher-linux-arm-musl'
70 silly reify ]
71 verbose reify failed optional dependency D:\program\surrogacy-portal\node_modules\@parcel\watcher-linux-arm-glibc
72 silly reify mark deleted [
72 silly reify   'D:\\program\\surrogacy-portal\\node_modules\\@parcel\\watcher-linux-arm-glibc'
72 silly reify ]
73 verbose reify failed optional dependency D:\program\surrogacy-portal\node_modules\@parcel\watcher-freebsd-x64
74 silly reify mark deleted [
74 silly reify   'D:\\program\\surrogacy-portal\\node_modules\\@parcel\\watcher-freebsd-x64'
74 silly reify ]
75 verbose reify failed optional dependency D:\program\surrogacy-portal\node_modules\@parcel\watcher-darwin-x64
76 silly reify mark deleted [
76 silly reify   'D:\\program\\surrogacy-portal\\node_modules\\@parcel\\watcher-darwin-x64'
76 silly reify ]
77 verbose reify failed optional dependency D:\program\surrogacy-portal\node_modules\@parcel\watcher-darwin-arm64
78 silly reify mark deleted [
78 silly reify   'D:\\program\\surrogacy-portal\\node_modules\\@parcel\\watcher-darwin-arm64'
78 silly reify ]
79 verbose reify failed optional dependency D:\program\surrogacy-portal\node_modules\@parcel\watcher-android-arm64
80 silly reify mark deleted [
80 silly reify   'D:\\program\\surrogacy-portal\\node_modules\\@parcel\\watcher-android-arm64'
80 silly reify ]
81 verbose reify failed optional dependency D:\program\surrogacy-portal\node_modules\@oxc-parser\binding-win32-arm64-msvc
82 silly reify mark deleted [
82 silly reify   'D:\\program\\surrogacy-portal\\node_modules\\@oxc-parser\\binding-win32-arm64-msvc'
82 silly reify ]
83 verbose reify failed optional dependency D:\program\surrogacy-portal\node_modules\@oxc-parser\binding-wasm32-wasi
84 silly reify mark deleted [
84 silly reify   'D:\\program\\surrogacy-portal\\node_modules\\@oxc-parser\\binding-wasm32-wasi'
84 silly reify ]
85 verbose reify failed optional dependency D:\program\surrogacy-portal\node_modules\@oxc-parser\binding-linux-x64-musl
86 silly reify mark deleted [
86 silly reify   'D:\\program\\surrogacy-portal\\node_modules\\@oxc-parser\\binding-linux-x64-musl'
86 silly reify ]
87 verbose reify failed optional dependency D:\program\surrogacy-portal\node_modules\@oxc-parser\binding-linux-x64-gnu
88 silly reify mark deleted [
88 silly reify   'D:\\program\\surrogacy-portal\\node_modules\\@oxc-parser\\binding-linux-x64-gnu'
88 silly reify ]
89 verbose reify failed optional dependency D:\program\surrogacy-portal\node_modules\@oxc-parser\binding-linux-s390x-gnu
90 silly reify mark deleted [
90 silly reify   'D:\\program\\surrogacy-portal\\node_modules\\@oxc-parser\\binding-linux-s390x-gnu'
90 silly reify ]
91 verbose reify failed optional dependency D:\program\surrogacy-portal\node_modules\@oxc-parser\binding-linux-riscv64-gnu
92 silly reify mark deleted [
92 silly reify   'D:\\program\\surrogacy-portal\\node_modules\\@oxc-parser\\binding-linux-riscv64-gnu'
92 silly reify ]
93 verbose reify failed optional dependency D:\program\surrogacy-portal\node_modules\@oxc-parser\binding-linux-arm64-musl
94 silly reify mark deleted [
94 silly reify   'D:\\program\\surrogacy-portal\\node_modules\\@oxc-parser\\binding-linux-arm64-musl'
94 silly reify ]
95 verbose reify failed optional dependency D:\program\surrogacy-portal\node_modules\@oxc-parser\binding-linux-arm64-gnu
96 silly reify mark deleted [
96 silly reify   'D:\\program\\surrogacy-portal\\node_modules\\@oxc-parser\\binding-linux-arm64-gnu'
96 silly reify ]
97 verbose reify failed optional dependency D:\program\surrogacy-portal\node_modules\@oxc-parser\binding-linux-arm-musleabihf
98 silly reify mark deleted [
98 silly reify   'D:\\program\\surrogacy-portal\\node_modules\\@oxc-parser\\binding-linux-arm-musleabihf'
98 silly reify ]
99 verbose reify failed optional dependency D:\program\surrogacy-portal\node_modules\@oxc-parser\binding-linux-arm-gnueabihf
100 silly reify mark deleted [
100 silly reify   'D:\\program\\surrogacy-portal\\node_modules\\@oxc-parser\\binding-linux-arm-gnueabihf'
100 silly reify ]
101 verbose reify failed optional dependency D:\program\surrogacy-portal\node_modules\@oxc-parser\binding-freebsd-x64
102 silly reify mark deleted [
102 silly reify   'D:\\program\\surrogacy-portal\\node_modules\\@oxc-parser\\binding-freebsd-x64'
102 silly reify ]
103 verbose reify failed optional dependency D:\program\surrogacy-portal\node_modules\@oxc-parser\binding-darwin-x64
104 silly reify mark deleted [
104 silly reify   'D:\\program\\surrogacy-portal\\node_modules\\@oxc-parser\\binding-darwin-x64'
104 silly reify ]
105 verbose reify failed optional dependency D:\program\surrogacy-portal\node_modules\@oxc-parser\binding-darwin-arm64
106 silly reify mark deleted [
106 silly reify   'D:\\program\\surrogacy-portal\\node_modules\\@oxc-parser\\binding-darwin-arm64'
106 silly reify ]
107 verbose reify failed optional dependency D:\program\surrogacy-portal\node_modules\@oxc-parser\binding-android-arm64
108 silly reify mark deleted [
108 silly reify   'D:\\program\\surrogacy-portal\\node_modules\\@oxc-parser\\binding-android-arm64'
108 silly reify ]
109 verbose reify failed optional dependency D:\program\surrogacy-portal\node_modules\@esbuild\win32-ia32
110 silly reify mark deleted [ 'D:\\program\\surrogacy-portal\\node_modules\\@esbuild\\win32-ia32' ]
111 verbose reify failed optional dependency D:\program\surrogacy-portal\node_modules\@esbuild\win32-arm64
112 silly reify mark deleted [
112 silly reify   'D:\\program\\surrogacy-portal\\node_modules\\@esbuild\\win32-arm64'
112 silly reify ]
113 verbose reify failed optional dependency D:\program\surrogacy-portal\node_modules\@esbuild\sunos-x64
114 silly reify mark deleted [ 'D:\\program\\surrogacy-portal\\node_modules\\@esbuild\\sunos-x64' ]
115 verbose reify failed optional dependency D:\program\surrogacy-portal\node_modules\@esbuild\openharmony-arm64
116 silly reify mark deleted [
116 silly reify   'D:\\program\\surrogacy-portal\\node_modules\\@esbuild\\openharmony-arm64'
116 silly reify ]
117 verbose reify failed optional dependency D:\program\surrogacy-portal\node_modules\@esbuild\openbsd-x64
118 silly reify mark deleted [
118 silly reify   'D:\\program\\surrogacy-portal\\node_modules\\@esbuild\\openbsd-x64'
118 silly reify ]
119 verbose reify failed optional dependency D:\program\surrogacy-portal\node_modules\@esbuild\openbsd-arm64
120 silly reify mark deleted [
120 silly reify   'D:\\program\\surrogacy-portal\\node_modules\\@esbuild\\openbsd-arm64'
120 silly reify ]
121 verbose reify failed optional dependency D:\program\surrogacy-portal\node_modules\@esbuild\netbsd-x64
122 silly reify mark deleted [ 'D:\\program\\surrogacy-portal\\node_modules\\@esbuild\\netbsd-x64' ]
123 verbose reify failed optional dependency D:\program\surrogacy-portal\node_modules\@esbuild\netbsd-arm64
124 silly reify mark deleted [
124 silly reify   'D:\\program\\surrogacy-portal\\node_modules\\@esbuild\\netbsd-arm64'
124 silly reify ]
125 verbose reify failed optional dependency D:\program\surrogacy-portal\node_modules\@esbuild\linux-x64
126 silly reify mark deleted [ 'D:\\program\\surrogacy-portal\\node_modules\\@esbuild\\linux-x64' ]
127 verbose reify failed optional dependency D:\program\surrogacy-portal\node_modules\@esbuild\linux-s390x
128 silly reify mark deleted [
128 silly reify   'D:\\program\\surrogacy-portal\\node_modules\\@esbuild\\linux-s390x'
128 silly reify ]
129 verbose reify failed optional dependency D:\program\surrogacy-portal\node_modules\@esbuild\linux-riscv64
130 silly reify mark deleted [
130 silly reify   'D:\\program\\surrogacy-portal\\node_modules\\@esbuild\\linux-riscv64'
130 silly reify ]
131 verbose reify failed optional dependency D:\program\surrogacy-portal\node_modules\@esbuild\linux-ppc64
132 silly reify mark deleted [
132 silly reify   'D:\\program\\surrogacy-portal\\node_modules\\@esbuild\\linux-ppc64'
132 silly reify ]
133 verbose reify failed optional dependency D:\program\surrogacy-portal\node_modules\@esbuild\linux-mips64el
134 silly reify mark deleted [
134 silly reify   'D:\\program\\surrogacy-portal\\node_modules\\@esbuild\\linux-mips64el'
134 silly reify ]
135 verbose reify failed optional dependency D:\program\surrogacy-portal\node_modules\@esbuild\linux-loong64
136 silly reify mark deleted [
136 silly reify   'D:\\program\\surrogacy-portal\\node_modules\\@esbuild\\linux-loong64'
136 silly reify ]
137 verbose reify failed optional dependency D:\program\surrogacy-portal\node_modules\@esbuild\linux-ia32
138 silly reify mark deleted [ 'D:\\program\\surrogacy-portal\\node_modules\\@esbuild\\linux-ia32' ]
139 verbose reify failed optional dependency D:\program\surrogacy-portal\node_modules\@esbuild\linux-arm64
140 silly reify mark deleted [
140 silly reify   'D:\\program\\surrogacy-portal\\node_modules\\@esbuild\\linux-arm64'
140 silly reify ]
141 verbose reify failed optional dependency D:\program\surrogacy-portal\node_modules\@esbuild\linux-arm
142 silly reify mark deleted [ 'D:\\program\\surrogacy-portal\\node_modules\\@esbuild\\linux-arm' ]
143 verbose reify failed optional dependency D:\program\surrogacy-portal\node_modules\@esbuild\freebsd-x64
144 silly reify mark deleted [
144 silly reify   'D:\\program\\surrogacy-portal\\node_modules\\@esbuild\\freebsd-x64'
144 silly reify ]
145 verbose reify failed optional dependency D:\program\surrogacy-portal\node_modules\@esbuild\freebsd-arm64
146 silly reify mark deleted [
146 silly reify   'D:\\program\\surrogacy-portal\\node_modules\\@esbuild\\freebsd-arm64'
146 silly reify ]
147 verbose reify failed optional dependency D:\program\surrogacy-portal\node_modules\@esbuild\darwin-x64
148 silly reify mark deleted [ 'D:\\program\\surrogacy-portal\\node_modules\\@esbuild\\darwin-x64' ]
149 verbose reify failed optional dependency D:\program\surrogacy-portal\node_modules\@esbuild\darwin-arm64
150 silly reify mark deleted [
150 silly reify   'D:\\program\\surrogacy-portal\\node_modules\\@esbuild\\darwin-arm64'
150 silly reify ]
151 verbose reify failed optional dependency D:\program\surrogacy-portal\node_modules\@esbuild\android-x64
152 silly reify mark deleted [
152 silly reify   'D:\\program\\surrogacy-portal\\node_modules\\@esbuild\\android-x64'
152 silly reify ]
153 verbose reify failed optional dependency D:\program\surrogacy-portal\node_modules\@esbuild\android-arm64
154 silly reify mark deleted [
154 silly reify   'D:\\program\\surrogacy-portal\\node_modules\\@esbuild\\android-arm64'
154 silly reify ]
155 verbose reify failed optional dependency D:\program\surrogacy-portal\node_modules\@esbuild\android-arm
156 silly reify mark deleted [
156 silly reify   'D:\\program\\surrogacy-portal\\node_modules\\@esbuild\\android-arm'
156 silly reify ]
157 verbose reify failed optional dependency D:\program\surrogacy-portal\node_modules\@esbuild\aix-ppc64
158 silly reify mark deleted [ 'D:\\program\\surrogacy-portal\\node_modules\\@esbuild\\aix-ppc64' ]
159 verbose reify failed optional dependency D:\program\surrogacy-portal\node_modules\@nuxtjs\i18n\node_modules\@oxc-parser\binding-win32-arm64-msvc
160 silly reify mark deleted [
160 silly reify   'D:\\program\\surrogacy-portal\\node_modules\\@nuxtjs\\i18n\\node_modules\\@oxc-parser\\binding-win32-arm64-msvc'
160 silly reify ]
161 verbose reify failed optional dependency D:\program\surrogacy-portal\node_modules\@nuxtjs\i18n\node_modules\@oxc-parser\binding-wasm32-wasi
162 silly reify mark deleted [
162 silly reify   'D:\\program\\surrogacy-portal\\node_modules\\@nuxtjs\\i18n\\node_modules\\@oxc-parser\\binding-wasm32-wasi'
162 silly reify ]
163 verbose reify failed optional dependency D:\program\surrogacy-portal\node_modules\@nuxtjs\i18n\node_modules\@oxc-parser\binding-linux-x64-musl
164 silly reify mark deleted [
164 silly reify   'D:\\program\\surrogacy-portal\\node_modules\\@nuxtjs\\i18n\\node_modules\\@oxc-parser\\binding-linux-x64-musl'
164 silly reify ]
165 verbose reify failed optional dependency D:\program\surrogacy-portal\node_modules\@nuxtjs\i18n\node_modules\@oxc-parser\binding-linux-x64-gnu
166 silly reify mark deleted [
166 silly reify   'D:\\program\\surrogacy-portal\\node_modules\\@nuxtjs\\i18n\\node_modules\\@oxc-parser\\binding-linux-x64-gnu'
166 silly reify ]
167 verbose reify failed optional dependency D:\program\surrogacy-portal\node_modules\@nuxtjs\i18n\node_modules\@oxc-parser\binding-linux-s390x-gnu
168 silly reify mark deleted [
168 silly reify   'D:\\program\\surrogacy-portal\\node_modules\\@nuxtjs\\i18n\\node_modules\\@oxc-parser\\binding-linux-s390x-gnu'
168 silly reify ]
169 verbose reify failed optional dependency D:\program\surrogacy-portal\node_modules\@nuxtjs\i18n\node_modules\@oxc-parser\binding-linux-riscv64-gnu
170 silly reify mark deleted [
170 silly reify   'D:\\program\\surrogacy-portal\\node_modules\\@nuxtjs\\i18n\\node_modules\\@oxc-parser\\binding-linux-riscv64-gnu'
170 silly reify ]
171 verbose reify failed optional dependency D:\program\surrogacy-portal\node_modules\@nuxtjs\i18n\node_modules\@oxc-parser\binding-linux-arm64-musl
172 silly reify mark deleted [
172 silly reify   'D:\\program\\surrogacy-portal\\node_modules\\@nuxtjs\\i18n\\node_modules\\@oxc-parser\\binding-linux-arm64-musl'
172 silly reify ]
173 verbose reify failed optional dependency D:\program\surrogacy-portal\node_modules\@nuxtjs\i18n\node_modules\@oxc-parser\binding-linux-arm64-gnu
174 silly reify mark deleted [
174 silly reify   'D:\\program\\surrogacy-portal\\node_modules\\@nuxtjs\\i18n\\node_modules\\@oxc-parser\\binding-linux-arm64-gnu'
174 silly reify ]
175 verbose reify failed optional dependency D:\program\surrogacy-portal\node_modules\@nuxtjs\i18n\node_modules\@oxc-parser\binding-linux-arm-musleabihf
176 silly reify mark deleted [
176 silly reify   'D:\\program\\surrogacy-portal\\node_modules\\@nuxtjs\\i18n\\node_modules\\@oxc-parser\\binding-linux-arm-musleabihf'
176 silly reify ]
177 verbose reify failed optional dependency D:\program\surrogacy-portal\node_modules\@nuxtjs\i18n\node_modules\@oxc-parser\binding-linux-arm-gnueabihf
178 silly reify mark deleted [
178 silly reify   'D:\\program\\surrogacy-portal\\node_modules\\@nuxtjs\\i18n\\node_modules\\@oxc-parser\\binding-linux-arm-gnueabihf'
178 silly reify ]
179 verbose reify failed optional dependency D:\program\surrogacy-portal\node_modules\@nuxtjs\i18n\node_modules\@oxc-parser\binding-freebsd-x64
180 silly reify mark deleted [
180 silly reify   'D:\\program\\surrogacy-portal\\node_modules\\@nuxtjs\\i18n\\node_modules\\@oxc-parser\\binding-freebsd-x64'
180 silly reify ]
181 verbose reify failed optional dependency D:\program\surrogacy-portal\node_modules\@nuxtjs\i18n\node_modules\@oxc-parser\binding-darwin-x64
182 silly reify mark deleted [
182 silly reify   'D:\\program\\surrogacy-portal\\node_modules\\@nuxtjs\\i18n\\node_modules\\@oxc-parser\\binding-darwin-x64'
182 silly reify ]
183 verbose reify failed optional dependency D:\program\surrogacy-portal\node_modules\@nuxtjs\i18n\node_modules\@oxc-parser\binding-darwin-arm64
184 silly reify mark deleted [
184 silly reify   'D:\\program\\surrogacy-portal\\node_modules\\@nuxtjs\\i18n\\node_modules\\@oxc-parser\\binding-darwin-arm64'
184 silly reify ]
185 verbose reify failed optional dependency D:\program\surrogacy-portal\node_modules\@netlify\zip-it-and-ship-it\node_modules\@esbuild\win32-ia32
186 silly reify mark deleted [
186 silly reify   'D:\\program\\surrogacy-portal\\node_modules\\@netlify\\zip-it-and-ship-it\\node_modules\\@esbuild\\win32-ia32'
186 silly reify ]
187 verbose reify failed optional dependency D:\program\surrogacy-portal\node_modules\@netlify\zip-it-and-ship-it\node_modules\@esbuild\win32-arm64
188 silly reify mark deleted [
188 silly reify   'D:\\program\\surrogacy-portal\\node_modules\\@netlify\\zip-it-and-ship-it\\node_modules\\@esbuild\\win32-arm64'
188 silly reify ]
189 verbose reify failed optional dependency D:\program\surrogacy-portal\node_modules\@netlify\zip-it-and-ship-it\node_modules\@esbuild\sunos-x64
190 silly reify mark deleted [
190 silly reify   'D:\\program\\surrogacy-portal\\node_modules\\@netlify\\zip-it-and-ship-it\\node_modules\\@esbuild\\sunos-x64'
190 silly reify ]
191 verbose reify failed optional dependency D:\program\surrogacy-portal\node_modules\@netlify\zip-it-and-ship-it\node_modules\@esbuild\openbsd-x64
192 silly reify mark deleted [
192 silly reify   'D:\\program\\surrogacy-portal\\node_modules\\@netlify\\zip-it-and-ship-it\\node_modules\\@esbuild\\openbsd-x64'
192 silly reify ]
193 verbose reify failed optional dependency D:\program\surrogacy-portal\node_modules\@netlify\zip-it-and-ship-it\node_modules\@esbuild\openbsd-arm64
194 silly reify mark deleted [
194 silly reify   'D:\\program\\surrogacy-portal\\node_modules\\@netlify\\zip-it-and-ship-it\\node_modules\\@esbuild\\openbsd-arm64'
194 silly reify ]
195 verbose reify failed optional dependency D:\program\surrogacy-portal\node_modules\@netlify\zip-it-and-ship-it\node_modules\@esbuild\netbsd-x64
196 silly reify mark deleted [
196 silly reify   'D:\\program\\surrogacy-portal\\node_modules\\@netlify\\zip-it-and-ship-it\\node_modules\\@esbuild\\netbsd-x64'
196 silly reify ]
197 verbose reify failed optional dependency D:\program\surrogacy-portal\node_modules\@netlify\zip-it-and-ship-it\node_modules\@esbuild\netbsd-arm64
198 silly reify mark deleted [
198 silly reify   'D:\\program\\surrogacy-portal\\node_modules\\@netlify\\zip-it-and-ship-it\\node_modules\\@esbuild\\netbsd-arm64'
198 silly reify ]
199 verbose reify failed optional dependency D:\program\surrogacy-portal\node_modules\@netlify\zip-it-and-ship-it\node_modules\@esbuild\linux-x64
200 silly reify mark deleted [
200 silly reify   'D:\\program\\surrogacy-portal\\node_modules\\@netlify\\zip-it-and-ship-it\\node_modules\\@esbuild\\linux-x64'
200 silly reify ]
201 verbose reify failed optional dependency D:\program\surrogacy-portal\node_modules\@netlify\zip-it-and-ship-it\node_modules\@esbuild\linux-s390x
202 silly reify mark deleted [
202 silly reify   'D:\\program\\surrogacy-portal\\node_modules\\@netlify\\zip-it-and-ship-it\\node_modules\\@esbuild\\linux-s390x'
202 silly reify ]
203 verbose reify failed optional dependency D:\program\surrogacy-portal\node_modules\@netlify\zip-it-and-ship-it\node_modules\@esbuild\linux-riscv64
204 silly reify mark deleted [
204 silly reify   'D:\\program\\surrogacy-portal\\node_modules\\@netlify\\zip-it-and-ship-it\\node_modules\\@esbuild\\linux-riscv64'
204 silly reify ]
205 verbose reify failed optional dependency D:\program\surrogacy-portal\node_modules\@netlify\zip-it-and-ship-it\node_modules\@esbuild\linux-ppc64
206 silly reify mark deleted [
206 silly reify   'D:\\program\\surrogacy-portal\\node_modules\\@netlify\\zip-it-and-ship-it\\node_modules\\@esbuild\\linux-ppc64'
206 silly reify ]
207 verbose reify failed optional dependency D:\program\surrogacy-portal\node_modules\@netlify\zip-it-and-ship-it\node_modules\@esbuild\linux-mips64el
208 silly reify mark deleted [
208 silly reify   'D:\\program\\surrogacy-portal\\node_modules\\@netlify\\zip-it-and-ship-it\\node_modules\\@esbuild\\linux-mips64el'
208 silly reify ]
209 verbose reify failed optional dependency D:\program\surrogacy-portal\node_modules\@netlify\zip-it-and-ship-it\node_modules\@esbuild\linux-loong64
210 silly reify mark deleted [
210 silly reify   'D:\\program\\surrogacy-portal\\node_modules\\@netlify\\zip-it-and-ship-it\\node_modules\\@esbuild\\linux-loong64'
210 silly reify ]
211 verbose reify failed optional dependency D:\program\surrogacy-portal\node_modules\@netlify\zip-it-and-ship-it\node_modules\@esbuild\linux-ia32
212 silly reify mark deleted [
212 silly reify   'D:\\program\\surrogacy-portal\\node_modules\\@netlify\\zip-it-and-ship-it\\node_modules\\@esbuild\\linux-ia32'
212 silly reify ]
213 verbose reify failed optional dependency D:\program\surrogacy-portal\node_modules\@netlify\zip-it-and-ship-it\node_modules\@esbuild\linux-arm64
214 silly reify mark deleted [
214 silly reify   'D:\\program\\surrogacy-portal\\node_modules\\@netlify\\zip-it-and-ship-it\\node_modules\\@esbuild\\linux-arm64'
214 silly reify ]
215 verbose reify failed optional dependency D:\program\surrogacy-portal\node_modules\@netlify\zip-it-and-ship-it\node_modules\@esbuild\linux-arm
216 silly reify mark deleted [
216 silly reify   'D:\\program\\surrogacy-portal\\node_modules\\@netlify\\zip-it-and-ship-it\\node_modules\\@esbuild\\linux-arm'
216 silly reify ]
217 verbose reify failed optional dependency D:\program\surrogacy-portal\node_modules\@netlify\zip-it-and-ship-it\node_modules\@esbuild\freebsd-x64
218 silly reify mark deleted [
218 silly reify   'D:\\program\\surrogacy-portal\\node_modules\\@netlify\\zip-it-and-ship-it\\node_modules\\@esbuild\\freebsd-x64'
218 silly reify ]
219 verbose reify failed optional dependency D:\program\surrogacy-portal\node_modules\@netlify\zip-it-and-ship-it\node_modules\@esbuild\freebsd-arm64
220 silly reify mark deleted [
220 silly reify   'D:\\program\\surrogacy-portal\\node_modules\\@netlify\\zip-it-and-ship-it\\node_modules\\@esbuild\\freebsd-arm64'
220 silly reify ]
221 verbose reify failed optional dependency D:\program\surrogacy-portal\node_modules\@netlify\zip-it-and-ship-it\node_modules\@esbuild\darwin-x64
222 silly reify mark deleted [
222 silly reify   'D:\\program\\surrogacy-portal\\node_modules\\@netlify\\zip-it-and-ship-it\\node_modules\\@esbuild\\darwin-x64'
222 silly reify ]
223 verbose reify failed optional dependency D:\program\surrogacy-portal\node_modules\@netlify\zip-it-and-ship-it\node_modules\@esbuild\darwin-arm64
224 silly reify mark deleted [
224 silly reify   'D:\\program\\surrogacy-portal\\node_modules\\@netlify\\zip-it-and-ship-it\\node_modules\\@esbuild\\darwin-arm64'
224 silly reify ]
225 verbose reify failed optional dependency D:\program\surrogacy-portal\node_modules\@netlify\zip-it-and-ship-it\node_modules\@esbuild\android-x64
226 silly reify mark deleted [
226 silly reify   'D:\\program\\surrogacy-portal\\node_modules\\@netlify\\zip-it-and-ship-it\\node_modules\\@esbuild\\android-x64'
226 silly reify ]
227 verbose reify failed optional dependency D:\program\surrogacy-portal\node_modules\@netlify\zip-it-and-ship-it\node_modules\@esbuild\android-arm64
228 silly reify mark deleted [
228 silly reify   'D:\\program\\surrogacy-portal\\node_modules\\@netlify\\zip-it-and-ship-it\\node_modules\\@esbuild\\android-arm64'
228 silly reify ]
229 verbose reify failed optional dependency D:\program\surrogacy-portal\node_modules\@netlify\zip-it-and-ship-it\node_modules\@esbuild\android-arm
230 silly reify mark deleted [
230 silly reify   'D:\\program\\surrogacy-portal\\node_modules\\@netlify\\zip-it-and-ship-it\\node_modules\\@esbuild\\android-arm'
230 silly reify ]
231 verbose reify failed optional dependency D:\program\surrogacy-portal\node_modules\@netlify\zip-it-and-ship-it\node_modules\@esbuild\aix-ppc64
232 silly reify mark deleted [
232 silly reify   'D:\\program\\surrogacy-portal\\node_modules\\@netlify\\zip-it-and-ship-it\\node_modules\\@esbuild\\aix-ppc64'
232 silly reify ]
233 http fetch POST 200 https://registry.npmjs.org/-/npm/v1/security/advisories/bulk 426ms
234 silly audit report {}
235 silly ADD
236 silly ADD
237 silly ADD
238 silly ADD
239 silly ADD
240 silly ADD
241 silly ADD
242 silly ADD
243 silly ADD
244 silly ADD
245 silly ADD
246 silly ADD
247 silly ADD
248 silly ADD
249 silly ADD
250 silly ADD
251 silly ADD
252 silly ADD
253 silly ADD
254 silly ADD
255 silly ADD
256 silly ADD
257 silly ADD
258 silly ADD
259 silly ADD
260 silly ADD
261 silly ADD
262 silly ADD
263 silly ADD
264 silly ADD
265 silly ADD
266 silly ADD
267 silly ADD
268 silly ADD
269 silly ADD
270 silly ADD
271 silly ADD
272 silly ADD
273 silly ADD
274 silly ADD
275 silly ADD
276 silly ADD
277 silly ADD
278 silly ADD
279 silly ADD
280 silly ADD
281 silly ADD
282 silly ADD
283 silly ADD
284 silly ADD
285 silly ADD
286 silly ADD
287 silly ADD
288 silly ADD
289 silly ADD
290 silly ADD
291 silly ADD
292 silly ADD
293 silly ADD
294 silly ADD
295 silly ADD
296 silly ADD
297 silly ADD
298 silly ADD
299 silly ADD
300 silly ADD
301 silly ADD
302 silly ADD
303 silly ADD
304 silly ADD
305 silly ADD
306 silly ADD
307 silly ADD
308 silly ADD
309 silly ADD
310 silly ADD
311 silly ADD
312 silly ADD
313 silly ADD
314 silly ADD
315 silly ADD
316 silly ADD
317 silly ADD
318 silly ADD
319 silly ADD
320 silly ADD
321 silly ADD
322 silly ADD
323 silly ADD
324 silly ADD
325 silly ADD
326 silly ADD
327 silly ADD
328 silly ADD
329 silly ADD
330 silly ADD
331 silly ADD
332 silly ADD
333 silly ADD
334 silly ADD
335 silly ADD
336 silly ADD
337 silly ADD
338 silly ADD
339 silly ADD
340 silly ADD
341 silly ADD
342 silly ADD
343 verbose cwd D:\program\surrogacy-portal
344 verbose os Windows_NT 10.0.26100
345 verbose node v22.17.0
346 verbose npm  v10.9.2
347 verbose exit 0
348 info ok
